Status: FAILED
Time Taken: 1119
Size: 0
Timestamp: Mon Aug 24 17:37:47 IST 2020
TestStep: TC_006_Datadriven
Error:java.lang.AssertionError: Cancelling due to failed test step. Expression: (runner.status != com.eviware.soapui.model.testsuite.TestRunner$Status.FAILED)

----------------- Messages ------------------------------
java.lang.AssertionError: Cancelling due to failed test step. Expression: (runner.status != com.eviware.soapui.model.testsuite.TestRunner$Status.FAILED)
error at line: 39
